21:35:21.406 INFO [ActiveSessionFactory.apply] - Capabilities are: {
  "acceptInsecureCerts": true,
  "browserName": "chrome"
}
21:35:21.408 INFO [ActiveSessionFactory.lambda$apply$11] - Matched factory org.openqa.selenium.grid.session.remote.ServicedSession$Factory (provider: org.openqa.selenium.chrome.ChromeDriverService)
Starting ChromeDriver 87.0.4280.20 (c99e81631faa0b2a448e658c0dbd8311fb04ddbd-refs/branch-heads/4280@{#355}) on port 14546
Only local connections are allowed.
Please see https://chromedriver.chromium.org/security-considerations for suggestions on keeping ChromeDriver safe.
ChromeDriver was started successfully.
21:35:26.701 INFO [ProtocolHandshake.createSession] - Detected dialect: W3C
21:35:26.738 INFO [RemoteSession$Factory.lambda$performHandshake$0] - Started new session 2d0f2bc623a8b98c80e9efa550457818 (org.openqa.selenium.chrome.ChromeDriverService)
21:35:40.420 INFO [ActiveSessions$1.onStop] - Removing session 2d0f2bc623a8b98c80e9efa550457818 (org.openqa.selenium.chrome.ChromeDriverService)
21:35:42.449 INFO [ActiveSessionFactory.apply] - Capabilities are: {
  "acceptInsecureCerts": true,
  "browserName": "chrome"
}
21:35:42.450 INFO [ActiveSessionFactory.lambda$apply$11] - Matched factory org.openqa.selenium.grid.session.remote.ServicedSession$Factory (provider: org.openqa.selenium.chrome.ChromeDriverService)
Starting ChromeDriver 87.0.4280.20 (c99e81631faa0b2a448e658c0dbd8311fb04ddbd-refs/branch-heads/4280@{#355}) on port 5625
Only local connections are allowed.
Please see https://chromedriver.chromium.org/security-considerations for suggestions on keeping ChromeDriver safe.
ChromeDriver was started successfully.
21:35:47.489 INFO [ProtocolHandshake.createSession] - Detected dialect: W3C
21:35:47.492 INFO [RemoteSession$Factory.lambda$performHandshake$0] - Started new session d8565baf22fbbdf82df4be953c717fca (org.openqa.selenium.chrome.ChromeDriverService)
21:35:52.321 INFO [ActiveSessions$1.onStop] - Removing session d8565baf22fbbdf82df4be953c717fca (org.openqa.selenium.chrome.ChromeDriverService)
21:35:54.198 INFO [ActiveSessionFactory.apply] - Capabilities are: {
  "acceptInsecureCerts": true,
  "browserName": "chrome"
}
21:35:54.198 INFO [ActiveSessionFactory.lambda$apply$11] - Matched factory org.openqa.selenium.grid.session.remote.ServicedSession$Factory (provider: org.openqa.selenium.chrome.ChromeDriverService)
Starting ChromeDriver 87.0.4280.20 (c99e81631faa0b2a448e658c0dbd8311fb04ddbd-refs/branch-heads/4280@{#355}) on port 40282
Only local connections are allowed.
Please see https://chromedriver.chromium.org/security-considerations for suggestions on keeping ChromeDriver safe.
ChromeDriver was started successfully.
21:35:59.229 INFO [ProtocolHandshake.createSession] - Detected dialect: W3C
21:35:59.230 INFO [RemoteSession$Factory.lambda$performHandshake$0] - Started new session a996695b313bd708036e39817dd3e027 (org.openqa.selenium.chrome.ChromeDriverService)
21:36:10.376 INFO [ActiveSessions$1.onStop] - Removing session a996695b313bd708036e39817dd3e027 (org.openqa.selenium.chrome.ChromeDriverService)
21:36:12.324 INFO [ActiveSessionFactory.apply] - Capabilities are: {
  "acceptInsecureCerts": true,
  "browserName": "chrome"
}
21:36:12.324 INFO [ActiveSessionFactory.lambda$apply$11] - Matched factory org.openqa.selenium.grid.session.remote.ServicedSession$Factory (provider: org.openqa.selenium.chrome.ChromeDriverService)
Starting ChromeDriver 87.0.4280.20 (c99e81631faa0b2a448e658c0dbd8311fb04ddbd-refs/branch-heads/4280@{#355}) on port 26106
Only local connections are allowed.
Please see https://chromedriver.chromium.org/security-considerations for suggestions on keeping ChromeDriver safe.
ChromeDriver was started successfully.
21:36:17.408 INFO [ProtocolHandshake.createSession] - Detected dialect: W3C
21:36:17.410 INFO [RemoteSession$Factory.lambda$performHandshake$0] - Started new session f9c4e77bb571131920ba51e75d20c477 (org.openqa.selenium.chrome.ChromeDriverService)
21:37:39.525 INFO [ActiveSessions$1.onStop] - Removing session f9c4e77bb571131920ba51e75d20c477 (org.openqa.selenium.chrome.ChromeDriverService)
21:37:41.449 INFO [ActiveSessionFactory.apply] - Capabilities are: {
  "acceptInsecureCerts": true,
  "browserName": "chrome"
}
21:37:41.449 INFO [ActiveSessionFactory.lambda$apply$11] - Matched factory org.openqa.selenium.grid.session.remote.ServicedSession$Factory (provider: org.openqa.selenium.chrome.ChromeDriverService)
Starting ChromeDriver 87.0.4280.20 (c99e81631faa0b2a448e658c0dbd8311fb04ddbd-refs/branch-heads/4280@{#355}) on port 18328
Only local connections are allowed.
Please see https://chromedriver.chromium.org/security-considerations for suggestions on keeping ChromeDriver safe.
ChromeDriver was started successfully.
21:37:46.526 INFO [ProtocolHandshake.createSession] - Detected dialect: W3C
21:37:46.529 INFO [RemoteSession$Factory.lambda$performHandshake$0] - Started new session 3e7044c1d9f64b0d8d7380e4f6361aee (org.openqa.selenium.chrome.ChromeDriverService)
21:37:51.660 INFO [ActiveSessions$1.onStop] - Removing session 3e7044c1d9f64b0d8d7380e4f6361aee (org.openqa.selenium.chrome.ChromeDriverService)
21:37:53.622 INFO [ActiveSessionFactory.apply] - Capabilities are: {
  "acceptInsecureCerts": true,
  "browserName": "chrome"
}
21:37:53.622 INFO [ActiveSessionFactory.lambda$apply$11] - Matched factory org.openqa.selenium.grid.session.remote.ServicedSession$Factory (provider: org.openqa.selenium.chrome.ChromeDriverService)
Starting ChromeDriver 87.0.4280.20 (c99e81631faa0b2a448e658c0dbd8311fb04ddbd-refs/branch-heads/4280@{#355}) on port 20046
Only local connections are allowed.
Please see https://chromedriver.chromium.org/security-considerations for suggestions on keeping ChromeDriver safe.
ChromeDriver was started successfully.
21:37:58.641 INFO [ProtocolHandshake.createSession] - Detected dialect: W3C
21:37:58.642 INFO [RemoteSession$Factory.lambda$performHandshake$0] - Started new session 07b559f1c95197e7f5b15aa3ac235795 (org.openqa.selenium.chrome.ChromeDriverService)
21:38:08.005 INFO [ActiveSessions$1.onStop] - Removing session 07b559f1c95197e7f5b15aa3ac235795 (org.openqa.selenium.chrome.ChromeDriverService)
21:38:09.901 INFO [ActiveSessionFactory.apply] - Capabilities are: {
  "acceptInsecureCerts": true,
  "browserName": "chrome"
}
21:38:09.901 INFO [ActiveSessionFactory.lambda$apply$11] - Matched factory org.openqa.selenium.grid.session.remote.ServicedSession$Factory (provider: org.openqa.selenium.chrome.ChromeDriverService)
Starting ChromeDriver 87.0.4280.20 (c99e81631faa0b2a448e658c0dbd8311fb04ddbd-refs/branch-heads/4280@{#355}) on port 27200
Only local connections are allowed.
Please see https://chromedriver.chromium.org/security-considerations for suggestions on keeping ChromeDriver safe.
ChromeDriver was started successfully.
21:38:14.945 INFO [ProtocolHandshake.createSession] - Detected dialect: W3C
21:38:14.947 INFO [RemoteSession$Factory.lambda$performHandshake$0] - Started new session c23b1ad27d5bdf21c4e32c1837bf9548 (org.openqa.selenium.chrome.ChromeDriverService)
21:39:10.895 INFO [ActiveSessions$1.onStop] - Removing session c23b1ad27d5bdf21c4e32c1837bf9548 (org.openqa.selenium.chrome.ChromeDriverService)
21:39:12.797 INFO [ActiveSessionFactory.apply] - Capabilities are: {
  "acceptInsecureCerts": true,
  "browserName": "chrome"
}
21:39:12.797 INFO [ActiveSessionFactory.lambda$apply$11] - Matched factory org.openqa.selenium.grid.session.remote.ServicedSession$Factory (provider: org.openqa.selenium.chrome.ChromeDriverService)
Starting ChromeDriver 87.0.4280.20 (c99e81631faa0b2a448e658c0dbd8311fb04ddbd-refs/branch-heads/4280@{#355}) on port 18636
Only local connections are allowed.
Please see https://chromedriver.chromium.org/security-considerations for suggestions on keeping ChromeDriver safe.
ChromeDriver was started successfully.
21:39:17.822 INFO [ProtocolHandshake.createSession] - Detected dialect: W3C
21:39:17.824 INFO [RemoteSession$Factory.lambda$performHandshake$0] - Started new session 40301cba929b52fd46803a9e50a49282 (org.openqa.selenium.chrome.ChromeDriverService)
21:39:56.995 INFO [ActiveSessions$1.onStop] - Removing session 40301cba929b52fd46803a9e50a49282 (org.openqa.selenium.chrome.ChromeDriverService)
21:39:58.984 INFO [ActiveSessionFactory.apply] - Capabilities are: {
  "acceptInsecureCerts": true,
  "browserName": "chrome"
}
21:39:58.985 INFO [ActiveSessionFactory.lambda$apply$11] - Matched factory org.openqa.selenium.grid.session.remote.ServicedSession$Factory (provider: org.openqa.selenium.chrome.ChromeDriverService)
Starting ChromeDriver 87.0.4280.20 (c99e81631faa0b2a448e658c0dbd8311fb04ddbd-refs/branch-heads/4280@{#355}) on port 6577
Only local connections are allowed.
Please see https://chromedriver.chromium.org/security-considerations for suggestions on keeping ChromeDriver safe.
ChromeDriver was started successfully.
21:40:03.998 INFO [ProtocolHandshake.createSession] - Detected dialect: W3C
21:40:03.999 INFO [RemoteSession$Factory.lambda$performHandshake$0] - Started new session 66d39beb9f5248eccdcb23ab85b5b5d7 (org.openqa.selenium.chrome.ChromeDriverService)
21:40:19.028 INFO [ActiveSessions$1.onStop] - Removing session 66d39beb9f5248eccdcb23ab85b5b5d7 (org.openqa.selenium.chrome.ChromeDriverService)
21:40:20.970 INFO [ActiveSessionFactory.apply] - Capabilities are: {
  "acceptInsecureCerts": true,
  "browserName": "chrome"
}
21:40:20.970 INFO [ActiveSessionFactory.lambda$apply$11] - Matched factory org.openqa.selenium.grid.session.remote.ServicedSession$Factory (provider: org.openqa.selenium.chrome.ChromeDriverService)
Starting ChromeDriver 87.0.4280.20 (c99e81631faa0b2a448e658c0dbd8311fb04ddbd-refs/branch-heads/4280@{#355}) on port 14529
Only local connections are allowed.
Please see https://chromedriver.chromium.org/security-considerations for suggestions on keeping ChromeDriver safe.
ChromeDriver was started successfully.
21:40:25.992 INFO [ProtocolHandshake.createSession] - Detected dialect: W3C
21:40:25.996 INFO [RemoteSession$Factory.lambda$performHandshake$0] - Started new session bb416f40bb8cb648cd14aa8e25ce1298 (org.openqa.selenium.chrome.ChromeDriverService)
21:40:38.746 INFO [ActiveSessions$1.onStop] - Removing session bb416f40bb8cb648cd14aa8e25ce1298 (org.openqa.selenium.chrome.ChromeDriverService)
